[INFO  - 2018-02-26T03:18:41.409Z] GhostDriver - Main - running on port 58605
[INFO  - 2018-02-26T03:18:42.361Z] Session [bf236740-1aa3-11e8-820d-f3a8e5b05d4b] - page.settings - {"XSSAuditingEnabled":false,"javascriptCanCloseWindows":true,"javascriptCanOpenWindows":true,"javascriptEnabled":true,"loadImages":true,"localToRemoteUrlAccessEnabled":false,"userAgent":"Mozilla/5.0 (Macintosh; Intel Mac OS X) AppleWebKit/538.1 (KHTML, like Gecko) PhantomJS/2.1.1 Safari/538.1","webSecurityEnabled":true}
[INFO  - 2018-02-26T03:18:42.361Z] Session [bf236740-1aa3-11e8-820d-f3a8e5b05d4b] - page.customHeaders:  - {}
[INFO  - 2018-02-26T03:18:42.362Z] Session [bf236740-1aa3-11e8-820d-f3a8e5b05d4b] - Session.negotiatedCapabilities - {"browserName":"phantomjs","version":"2.1.1","driverName":"ghostdriver","driverVersion":"1.2.0","platform":"mac-unknown-64bit","javascriptEnabled":true,"takesScreenshot":true,"handlesAlerts":false,"databaseEnabled":false,"locationContextEnabled":false,"applicationCacheEnabled":false,"browserConnectionEnabled":false,"cssSelectorsEnabled":true,"webStorageEnabled":false,"rotatable":false,"acceptSslCerts":false,"nativeEvents":true,"proxy":{"proxyType":"direct"}}
[INFO  - 2018-02-26T03:18:42.362Z] SessionManagerReqHand - _postNewSessionCommand - New Session Created: bf236740-1aa3-11e8-820d-f3a8e5b05d4b
[INFO  - 2018-02-26T03:23:41.422Z] SessionManagerReqHand - _cleanupWindowlessSessions - Asynchronous Sessions clean-up phase starting NOW
[INFO  - 2018-02-26T03:28:41.431Z] SessionManagerReqHand - _cleanupWindowlessSessions - Asynchronous Sessions clean-up phase starting NOW
[INFO  - 2018-02-26T03:33:41.440Z] SessionManagerReqHand - _cleanupWindowlessSessions - Asynchronous Sessions clean-up phase starting NOW
[ERROR - 2018-02-26T03:36:26.208Z] Session [bf236740-1aa3-11e8-820d-f3a8e5b05d4b] - page.onError - msg: TypeError: undefined is not an object (evaluating 'this.parent.video.offsetWidth')

  phantomjs://platform/console++.js:263 in error
[ERROR - 2018-02-26T03:36:26.208Z] Session [bf236740-1aa3-11e8-820d-f3a8e5b05d4b] - page.onError - stack:
  G (http://vidstat.taboola.com/vpaid/vPlayer/player/v8.6.8/OvaMediaPlayer.js:7)
  b (http://vidstat.taboola.com/vpaid/vPlayer/player/v8.6.8/OvaMediaPlayer.js:7)
  b (http://vidstat.taboola.com/vpaid/vPlayer/player/v8.6.8/OvaMediaPlayer.js:7)
  a (http://vidstat.taboola.com/vpaid/vPlayer/player/v8.6.8/OvaMediaPlayer.js:7)
  initVpaidManager (http://vidstat.taboola.com/vpaid/vPlayer/player/v8.6.8/OvaMediaPlayer.js:5)
  f (http://vidstat.taboola.com/vpaid/vPlayer/player/v8.6.8/OvaMediaPlayer.js:6)
  value (http://vidstat.taboola.com/vpaid/units/18_6_0/infra/cmTagWIDGET_ITEM.js:9)
  (anonymous function) (:0)
  i (http://vidstat.taboola.com/vpaid/units/18_6_0/infra/cmTagWIDGET_ITEM.js:6)
  (anonymous function) (http://vidstat.taboola.com/vpaid/units/18_6_0/infra/cmTagWIDGET_ITEM.js:6)
  (anonymous function) (:0)
  c (http://vidstat.taboola.com/vpaid/units/18_6_0/infra/cmTagWIDGET_ITEM.js:3)
  trigger (http://vidstat.taboola.com/vpaid/units/18_6_0/infra/cmTagWIDGET_ITEM.js:3)
  set (http://vidstat.taboola.com/vpaid/units/18_6_0/infra/cmTagWIDGET_ITEM.js:4)
  value (http://vidstat.taboola.com/vpaid/units/18_6_0/infra/cmTagWIDGET_ITEM.js:11)
  (anonymous function) (:0)
  (anonymous function) (:0)
  i (http://vidstat.taboola.com/vpaid/units/18_6_0/infra/cmTagWIDGET_ITEM.js:2)

  phantomjs://platform/console++.js:263 in error
[ERROR - 2018-02-26T03:36:27.201Z] Session [bf236740-1aa3-11e8-820d-f3a8e5b05d4b] - page.onError - msg: Unhandled promise rejection TypeError: undefined is not a constructor (evaluating 'this.video.pause()')

  phantomjs://platform/console++.js:263 in error
[ERROR - 2018-02-26T03:36:27.201Z] Session [bf236740-1aa3-11e8-820d-f3a8e5b05d4b] - page.onError - stack:
  apply (:0)

  phantomjs://platform/console++.js:263 in error
[INFO  - 2018-02-26T03:38:41.428Z] SessionManagerReqHand - _cleanupWindowlessSessions - Asynchronous Sessions clean-up phase starting NOW
[ERROR - 2018-02-26T03:42:43.154Z] Session [bf236740-1aa3-11e8-820d-f3a8e5b05d4b] - page.onError - msg: Unhandled promise rejection TypeError: undefined is not a constructor (evaluating 'this.video.pause()')

  phantomjs://platform/console++.js:263 in error
[ERROR - 2018-02-26T03:42:43.155Z] Session [bf236740-1aa3-11e8-820d-f3a8e5b05d4b] - page.onError - stack:
  apply (:0)

  phantomjs://platform/console++.js:263 in error
[ERROR - 2018-02-26T03:42:43.264Z] Session [bf236740-1aa3-11e8-820d-f3a8e5b05d4b] - page.onError - msg: TypeError: undefined is not an object (evaluating 'this.parent.video.offsetWidth')

  phantomjs://platform/console++.js:263 in error
[ERROR - 2018-02-26T03:42:43.264Z] Session [bf236740-1aa3-11e8-820d-f3a8e5b05d4b] - page.onError - stack:
  G (http://vidstat.taboola.com/vpaid/vPlayer/player/v8.6.8/OvaMediaPlayer.js:7)
  b (http://vidstat.taboola.com/vpaid/vPlayer/player/v8.6.8/OvaMediaPlayer.js:7)
  b (http://vidstat.taboola.com/vpaid/vPlayer/player/v8.6.8/OvaMediaPlayer.js:7)
  a (http://vidstat.taboola.com/vpaid/vPlayer/player/v8.6.8/OvaMediaPlayer.js:7)
  initVpaidManager (http://vidstat.taboola.com/vpaid/vPlayer/player/v8.6.8/OvaMediaPlayer.js:5)
  f (http://vidstat.taboola.com/vpaid/vPlayer/player/v8.6.8/OvaMediaPlayer.js:6)
  value (http://vidstat.taboola.com/vpaid/units/18_6_0/infra/cmTagWIDGET_ITEM.js:9)
  (anonymous function) (:0)
  i (http://vidstat.taboola.com/vpaid/units/18_6_0/infra/cmTagWIDGET_ITEM.js:6)
  (anonymous function) (http://vidstat.taboola.com/vpaid/units/18_6_0/infra/cmTagWIDGET_ITEM.js:6)
  (anonymous function) (:0)
  c (http://vidstat.taboola.com/vpaid/units/18_6_0/infra/cmTagWIDGET_ITEM.js:3)
  trigger (http://vidstat.taboola.com/vpaid/units/18_6_0/infra/cmTagWIDGET_ITEM.js:3)
  set (http://vidstat.taboola.com/vpaid/units/18_6_0/infra/cmTagWIDGET_ITEM.js:4)
  value (http://vidstat.taboola.com/vpaid/units/18_6_0/infra/cmTagWIDGET_ITEM.js:11)
  (anonymous function) (:0)
  (anonymous function) (:0)
  i (http://vidstat.taboola.com/vpaid/units/18_6_0/infra/cmTagWIDGET_ITEM.js:2)

  phantomjs://platform/console++.js:263 in error
[ERROR - 2018-02-26T03:42:59.653Z] Session [bf236740-1aa3-11e8-820d-f3a8e5b05d4b] - page.onError - msg: TypeError: undefined is not an object (evaluating 'this.parent.video.offsetWidth')

  phantomjs://platform/console++.js:263 in error
[ERROR - 2018-02-26T03:42:59.653Z] Session [bf236740-1aa3-11e8-820d-f3a8e5b05d4b] - page.onError - stack:
  G (http://vidstat.taboola.com/vpaid/vPlayer/player/v8.6.8/OvaMediaPlayer.js:7)
  b (http://vidstat.taboola.com/vpaid/vPlayer/player/v8.6.8/OvaMediaPlayer.js:7)
  b (http://vidstat.taboola.com/vpaid/vPlayer/player/v8.6.8/OvaMediaPlayer.js:7)
  a (http://vidstat.taboola.com/vpaid/vPlayer/player/v8.6.8/OvaMediaPlayer.js:7)
  initVpaidManager (http://vidstat.taboola.com/vpaid/vPlayer/player/v8.6.8/OvaMediaPlayer.js:5)
  f (http://vidstat.taboola.com/vpaid/vPlayer/player/v8.6.8/OvaMediaPlayer.js:6)
  value (http://vidstat.taboola.com/vpaid/units/18_6_0/infra/cmTagWIDGET_ITEM.js:9)
  (anonymous function) (:0)
  i (http://vidstat.taboola.com/vpaid/units/18_6_0/infra/cmTagWIDGET_ITEM.js:6)
  (anonymous function) (http://vidstat.taboola.com/vpaid/units/18_6_0/infra/cmTagWIDGET_ITEM.js:6)
  (anonymous function) (:0)
  c (http://vidstat.taboola.com/vpaid/units/18_6_0/infra/cmTagWIDGET_ITEM.js:3)
  trigger (http://vidstat.taboola.com/vpaid/units/18_6_0/infra/cmTagWIDGET_ITEM.js:3)
  set (http://vidstat.taboola.com/vpaid/units/18_6_0/infra/cmTagWIDGET_ITEM.js:4)
  value (http://vidstat.taboola.com/vpaid/units/18_6_0/infra/cmTagWIDGET_ITEM.js:11)
  (anonymous function) (:0)
  (anonymous function) (:0)
  i (http://vidstat.taboola.com/vpaid/units/18_6_0/infra/cmTagWIDGET_ITEM.js:2)

  phantomjs://platform/console++.js:263 in error
[ERROR - 2018-02-26T03:43:11.897Z] Session [bf236740-1aa3-11e8-820d-f3a8e5b05d4b] - page.onError - msg: TypeError: undefined is not an object (evaluating 'this.parent.video.offsetWidth')

  phantomjs://platform/console++.js:263 in error
[ERROR - 2018-02-26T03:43:11.897Z] Session [bf236740-1aa3-11e8-820d-f3a8e5b05d4b] - page.onError - stack:
  G (http://vidstat.taboola.com/vpaid/vPlayer/player/v8.6.8/OvaMediaPlayer.js:7)
  b (http://vidstat.taboola.com/vpaid/vPlayer/player/v8.6.8/OvaMediaPlayer.js:7)
  b (http://vidstat.taboola.com/vpaid/vPlayer/player/v8.6.8/OvaMediaPlayer.js:7)
  a (http://vidstat.taboola.com/vpaid/vPlayer/player/v8.6.8/OvaMediaPlayer.js:7)
  initVpaidManager (http://vidstat.taboola.com/vpaid/vPlayer/player/v8.6.8/OvaMediaPlayer.js:5)
  f (http://vidstat.taboola.com/vpaid/vPlayer/player/v8.6.8/OvaMediaPlayer.js:6)
  value (http://vidstat.taboola.com/vpaid/units/18_6_0/infra/cmTagWIDGET_ITEM.js:9)
  (anonymous function) (:0)
  i (http://vidstat.taboola.com/vpaid/units/18_6_0/infra/cmTagWIDGET_ITEM.js:6)
  (anonymous function) (http://vidstat.taboola.com/vpaid/units/18_6_0/infra/cmTagWIDGET_ITEM.js:6)
  (anonymous function) (:0)
  c (http://vidstat.taboola.com/vpaid/units/18_6_0/infra/cmTagWIDGET_ITEM.js:3)
  trigger (http://vidstat.taboola.com/vpaid/units/18_6_0/infra/cmTagWIDGET_ITEM.js:3)
  set (http://vidstat.taboola.com/vpaid/units/18_6_0/infra/cmTagWIDGET_ITEM.js:4)
  value (http://vidstat.taboola.com/vpaid/units/18_6_0/infra/cmTagWIDGET_ITEM.js:11)
  (anonymous function) (:0)
  (anonymous function) (:0)
  i (http://vidstat.taboola.com/vpaid/units/18_6_0/infra/cmTagWIDGET_ITEM.js:2)

  phantomjs://platform/console++.js:263 in error
[INFO  - 2018-02-26T03:43:41.435Z] SessionManagerReqHand - _cleanupWindowlessSessions - Asynchronous Sessions clean-up phase starting NOW
[INFO  - 2018-02-26T03:48:41.441Z] SessionManagerReqHand - _cleanupWindowlessSessions - Asynchronous Sessions clean-up phase starting NOW
[INFO  - 2018-02-26T03:53:41.422Z] SessionManagerReqHand - _cleanupWindowlessSessions - Asynchronous Sessions clean-up phase starting NOW
[INFO  - 2018-02-26T03:58:41.427Z] SessionManagerReqHand - _cleanupWindowlessSessions - Asynchronous Sessions clean-up phase starting NOW
[INFO  - 2018-02-26T04:03:41.432Z] SessionManagerReqHand - _cleanupWindowlessSessions - Asynchronous Sessions clean-up phase starting NOW
[INFO  - 2018-02-26T04:08:41.435Z] SessionManagerReqHand - _cleanupWindowlessSessions - Asynchronous Sessions clean-up phase starting NOW
[INFO  - 2018-02-26T04:13:41.439Z] SessionManagerReqHand - _cleanupWindowlessSessions - Asynchronous Sessions clean-up phase starting NOW
[INFO  - 2018-02-26T04:18:41.444Z] SessionManagerReqHand - _cleanupWindowlessSessions - Asynchronous Sessions clean-up phase starting NOW
[INFO  - 2018-02-26T04:23:41.455Z] SessionManagerReqHand - _cleanupWindowlessSessions - Asynchronous Sessions clean-up phase starting NOW
[INFO  - 2018-02-26T04:28:41.460Z] SessionManagerReqHand - _cleanupWindowlessSessions - Asynchronous Sessions clean-up phase starting NOW
[INFO  - 2018-02-26T04:33:41.469Z] SessionManagerReqHand - _cleanupWindowlessSessions - Asynchronous Sessions clean-up phase starting NOW
[INFO  - 2018-02-26T04:38:41.461Z] SessionManagerReqHand - _cleanupWindowlessSessions - Asynchronous Sessions clean-up phase starting NOW
[INFO  - 2018-02-26T04:43:41.477Z] SessionManagerReqHand - _cleanupWindowlessSessions - Asynchronous Sessions clean-up phase starting NOW
[INFO  - 2018-02-26T04:48:41.482Z] SessionManagerReqHand - _cleanupWindowlessSessions - Asynchronous Sessions clean-up phase starting NOW
[INFO  - 2018-02-26T04:53:41.467Z] SessionManagerReqHand - _cleanupWindowlessSessions - Asynchronous Sessions clean-up phase starting NOW
[INFO  - 2018-02-26T04:58:41.469Z] SessionManagerReqHand - _cleanupWindowlessSessions - Asynchronous Sessions clean-up phase starting NOW
[INFO  - 2018-02-26T05:03:41.471Z] SessionManagerReqHand - _cleanupWindowlessSessions - Asynchronous Sessions clean-up phase starting NOW
[INFO  - 2018-02-26T05:08:41.487Z] SessionManagerReqHand - _cleanupWindowlessSessions - Asynchronous Sessions clean-up phase starting NOW
[INFO  - 2018-02-26T05:13:41.508Z] SessionManagerReqHand - _cleanupWindowlessSessions - Asynchronous Sessions clean-up phase starting NOW
[INFO  - 2018-02-26T05:18:41.511Z] SessionManagerReqHand - _cleanupWindowlessSessions - Asynchronous Sessions clean-up phase starting NOW
[INFO  - 2018-02-26T05:23:41.494Z] SessionManagerReqHand - _cleanupWindowlessSessions - Asynchronous Sessions clean-up phase starting NOW
[INFO  - 2018-02-26T05:28:41.499Z] SessionManagerReqHand - _cleanupWindowlessSessions - Asynchronous Sessions clean-up phase starting NOW
[INFO  - 2018-02-26T05:33:41.502Z] SessionManagerReqHand - _cleanupWindowlessSessions - Asynchronous Sessions clean-up phase starting NOW
[INFO  - 2018-02-26T05:38:41.494Z] SessionManagerReqHand - _cleanupWindowlessSessions - Asynchronous Sessions clean-up phase starting NOW
[INFO  - 2018-02-26T05:43:41.495Z] SessionManagerReqHand - _cleanupWindowlessSessions - Asynchronous Sessions clean-up phase starting NOW
[INFO  - 2018-02-26T05:48:41.497Z] SessionManagerReqHand - _cleanupWindowlessSessions - Asynchronous Sessions clean-up phase starting NOW
[INFO  - 2018-02-26T05:53:41.489Z] SessionManagerReqHand - _cleanupWindowlessSessions - Asynchronous Sessions clean-up phase starting NOW
[INFO  - 2018-02-26T05:58:41.495Z] SessionManagerReqHand - _cleanupWindowlessSessions - Asynchronous Sessions clean-up phase starting NOW
[INFO  - 2018-02-26T06:03:41.507Z] SessionManagerReqHand - _cleanupWindowlessSessions - Asynchronous Sessions clean-up phase starting NOW
[INFO  - 2018-02-26T06:08:41.513Z] SessionManagerReqHand - _cleanupWindowlessSessions - Asynchronous Sessions clean-up phase starting NOW
[INFO  - 2018-02-26T06:13:41.514Z] SessionManagerReqHand - _cleanupWindowlessSessions - Asynchronous Sessions clean-up phase starting NOW
[INFO  - 2018-02-26T06:18:41.516Z] SessionManagerReqHand - _cleanupWindowlessSessions - Asynchronous Sessions clean-up phase starting NOW
[INFO  - 2018-02-26T06:23:41.524Z] SessionManagerReqHand - _cleanupWindowlessSessions - Asynchronous Sessions clean-up phase starting NOW
[INFO  - 2018-02-26T06:28:41.526Z] SessionManagerReqHand - _cleanupWindowlessSessions - Asynchronous Sessions clean-up phase starting NOW
[INFO  - 2018-02-26T06:33:41.527Z] SessionManagerReqHand - _cleanupWindowlessSessions - Asynchronous Sessions clean-up phase starting NOW
[INFO  - 2018-02-26T06:38:41.531Z] SessionManagerReqHand - _cleanupWindowlessSessions - Asynchronous Sessions clean-up phase starting NOW
[INFO  - 2018-02-26T06:43:41.532Z] SessionManagerReqHand - _cleanupWindowlessSessions - Asynchronous Sessions clean-up phase starting NOW
[INFO  - 2018-02-26T06:48:41.533Z] SessionManagerReqHand - _cleanupWindowlessSessions - Asynchronous Sessions clean-up phase starting NOW
[INFO  - 2018-02-26T06:53:41.526Z] SessionManagerReqHand - _cleanupWindowlessSessions - Asynchronous Sessions clean-up phase starting NOW
[INFO  - 2018-02-26T06:58:41.526Z] SessionManagerReqHand - _cleanupWindowlessSessions - Asynchronous Sessions clean-up phase starting NOW
[INFO  - 2018-02-26T07:03:41.538Z] SessionManagerReqHand - _cleanupWindowlessSessions - Asynchronous Sessions clean-up phase starting NOW
[INFO  - 2018-02-26T07:08:41.535Z] SessionManagerReqHand - _cleanupWindowlessSessions - Asynchronous Sessions clean-up phase starting NOW
[INFO  - 2018-02-26T07:13:41.535Z] SessionManagerReqHand - _cleanupWindowlessSessions - Asynchronous Sessions clean-up phase starting NOW
[INFO  - 2018-02-26T07:18:41.535Z] SessionManagerReqHand - _cleanupWindowlessSessions - Asynchronous Sessions clean-up phase starting NOW
[INFO  - 2018-02-26T07:23:41.536Z] SessionManagerReqHand - _cleanupWindowlessSessions - Asynchronous Sessions clean-up phase starting NOW
[INFO  - 2018-02-26T07:28:41.539Z] SessionManagerReqHand - _cleanupWindowlessSessions - Asynchronous Sessions clean-up phase starting NOW
[INFO  - 2018-02-26T07:33:41.539Z] SessionManagerReqHand - _cleanupWindowlessSessions - Asynchronous Sessions clean-up phase starting NOW
[INFO  - 2018-02-26T07:38:41.540Z] SessionManagerReqHand - _cleanupWindowlessSessions - Asynchronous Sessions clean-up phase starting NOW
[INFO  - 2018-02-26T07:43:41.540Z] SessionManagerReqHand - _cleanupWindowlessSessions - Asynchronous Sessions clean-up phase starting NOW
[INFO  - 2018-02-26T07:48:41.541Z] SessionManagerReqHand - _cleanupWindowlessSessions - Asynchronous Sessions clean-up phase starting NOW
[INFO  - 2018-02-26T07:53:41.534Z] SessionManagerReqHand - _cleanupWindowlessSessions - Asynchronous Sessions clean-up phase starting NOW
[INFO  - 2018-02-26T07:58:41.535Z] SessionManagerReqHand - _cleanupWindowlessSessions - Asynchronous Sessions clean-up phase starting NOW
[INFO  - 2018-02-26T08:03:41.534Z] SessionManagerReqHand - _cleanupWindowlessSessions - Asynchronous Sessions clean-up phase starting NOW
[INFO  - 2018-02-26T08:08:41.546Z] SessionManagerReqHand - _cleanupWindowlessSessions - Asynchronous Sessions clean-up phase starting NOW
[INFO  - 2018-02-26T08:13:41.546Z] SessionManagerReqHand - _cleanupWindowlessSessions - Asynchronous Sessions clean-up phase starting NOW
[INFO  - 2018-02-26T08:18:41.547Z] SessionManagerReqHand - _cleanupWindowlessSessions - Asynchronous Sessions clean-up phase starting NOW
[INFO  - 2018-02-26T08:23:41.558Z] SessionManagerReqHand - _cleanupWindowlessSessions - Asynchronous Sessions clean-up phase starting NOW
[INFO  - 2018-02-26T08:28:41.560Z] SessionManagerReqHand - _cleanupWindowlessSessions - Asynchronous Sessions clean-up phase starting NOW
[INFO  - 2018-02-26T08:33:41.564Z] SessionManagerReqHand - _cleanupWindowlessSessions - Asynchronous Sessions clean-up phase starting NOW
[INFO  - 2018-02-26T08:38:41.565Z] SessionManagerReqHand - _cleanupWindowlessSessions - Asynchronous Sessions clean-up phase starting NOW
[INFO  - 2018-02-26T08:43:41.574Z] SessionManagerReqHand - _cleanupWindowlessSessions - Asynchronous Sessions clean-up phase starting NOW
[INFO  - 2018-02-26T08:48:41.577Z] SessionManagerReqHand - _cleanupWindowlessSessions - Asynchronous Sessions clean-up phase starting NOW
[INFO  - 2018-02-26T08:53:41.579Z] SessionManagerReqHand - _cleanupWindowlessSessions - Asynchronous Sessions clean-up phase starting NOW
[INFO  - 2018-02-26T08:58:41.571Z] SessionManagerReqHand - _cleanupWindowlessSessions - Asynchronous Sessions clean-up phase starting NOW
